<?xml version="1.0" encoding="UTF-8"?>
<testng-results skipped="0" failed="0" ignored="0" total="1" passed="1">
  <reporter-output>
  </reporter-output>
  <suite name="Default suite" duration-ms="57681" started-at="2020-01-20T14:55:49Z" finished-at="2020-01-20T14:56:47Z">
    <groups>
    </groups>
    <test name="Default test" duration-ms="57681" started-at="2020-01-20T14:55:49Z" finished-at="2020-01-20T14:56:47Z">
      <class name="Package2.SubmitReviewTest">
        <test-method status="PASS" signature="submitReview()[pri:0, instance:Package2.SubmitReviewTest@56f4468b]" name="submitReview" duration-ms="57651" started-at="2020-01-20T20:25:49Z" finished-at="2020-01-20T20:26:47Z">
          <reporter-output>
          </reporter-output>
        </test-method> <!-- submitReview -->
      </class> <!-- Package2.SubmitReviewTest -->
    </test> <!-- Default test -->
  </suite> <!-- Default suite -->
</testng-results>
