<?xml version="1.0" encoding="UTF-8"?>
<testng-results skipped="0" failed="0" ignored="0" total="1" passed="1">
  <reporter-output>
  </reporter-output>
  <suite name="Default suite" duration-ms="42732" started-at="2020-01-18T10:38:48Z" finished-at="2020-01-18T10:39:30Z">
    <groups>
    </groups>
    <test name="Default test" duration-ms="42732" started-at="2020-01-18T10:38:48Z" finished-at="2020-01-18T10:39:30Z">
      <class name="Package2.PriceCompareTest">
        <test-method status="PASS" signature="priceComparisionOfIphone()[pri:0, instance:Package2.PriceCompareTest@56f4468b]" name="priceComparisionOfIphone" duration-ms="42704" started-at="2020-01-18T16:08:48Z" finished-at="2020-01-18T16:09:30Z">
          <reporter-output>
          </reporter-output>
        </test-method> <!-- priceComparisionOfIphone -->
      </class> <!-- Package2.PriceCompareTest -->
    </test> <!-- Default test -->
  </suite> <!-- Default suite -->
</testng-results>
